Arguments: 
  /usr/bin/node /home/lex/.yarn/bin/yarn.js webpack --config /home/lex/Projects/Rails/todolist-react-rg/config/webpack/development.js

PATH: 
  /home/lex/.rvm/gems/ruby-2.7.1/bin:/home/lex/.rvm/gems/ruby-2.7.1@global/bin:/home/lex/.rvm/rubies/ruby-2.7.1/bin:/home/lex/.rvm/bin:/home/lex/.local/bin:/home/lex/.yarn/bin:/home/lex/.config/yarn/global/node_modules/.bin:/usr/local/sbin:/usr/local/bin:/usr/sbin:/usr/bin:/sbin:/bin:/usr/games:/usr/local/games:/snap/bin

Yarn version: 
  1.22.5

Node version: 
  14.15.4

Platform: 
  linux x64

Trace: 
  SyntaxError: /home/lex/Projects/Rails/todolist-react-rg/package.json: Unexpected token / in JSON at position 643
      at JSON.parse (<anonymous>)
      at /home/lex/.yarn/lib/cli.js:1625:59
      at Generator.next (<anonymous>)
      at step (/home/lex/.yarn/lib/cli.js:310:30)
      at /home/lex/.yarn/lib/cli.js:321:13

npm manifest: 
  {
    "name": "todolist_react_rg",
    "private": true,
    "dependencies": {
      "@babel/preset-react": "^7.12.10",
      "@rails/actioncable": "^6.1.1",
      "@rails/activestorage": "^6.1.1",
      "@rails/ujs": "^6.1.1",
      "@rails/webpacker": "4.3.0",
      "axios": "^0.21.1",
      "babel-plugin-transform-react-remove-prop-types": "^0.4.24",
      "prop-types": "^15.7.2",
      "react": "^17.0.1",
      "react-dom": "^17.0.1",
      "react-redux": "^7.2.2",
      "react_ujs": "^2.6.1",
      "redux": "^4.0.5",
      "redux-thunk": "^2.3.0",
      "turbolinks": "^5.2.0"
    },
    "version": "0.1.0",
    "devDependencies": {
      "webpack-dev-server": "^3.11.2"
    }
    /*"compilerOptions": {
    
      "baseUrl": "./app/javascript" // all paths are relative to the baseUrl
      //"paths": {
        //"~/*": ["*"] // resolve any `~/foo/bar` to `<baseUrl>/foo/bar`
    }*/
  }

yarn manifest: 
  No manifest

Lockfile: 
  No lockfile
